*********************************************************************
* LD Score Regression (LDSC)
* Version 1.0.1
* (C) 2014-2019 Brendan Bulik-Sullivan and Hilary Finucane
* Broad Institute of MIT and Harvard / MIT Department of Mathematics
* GNU General Public License v3
*********************************************************************
Call: 
./ldsc.py \
--ref-ld-chr ./HW5/ldsc_inputs/for_h2/eur_w_ld_chr/ \
--out ./Cannabis_Dependence.handedness.step4 \
--rg ./handedness.step1.sumstats.gz,./Cannabis_Dependence.step1.sumstats.gz \
--w-ld-chr ./HW5/ldsc_inputs/for_h2/eur_w_ld_chr/ 

Beginning analysis at Sun Apr 30 23:35:45 2023
Reading summary statistics from ./handedness.step1.sumstats.gz ...
Read summary statistics for 1195299 SNPs.
Reading reference panel LD Score from ./HW5/ldsc_inputs/for_h2/eur_w_ld_chr/[1-22] ... (ldscore_fromlist)
Read reference panel LD Scores for 1293150 SNPs.
Removing partitioned LD Scores with zero variance.
Reading regression weight LD Score from ./HW5/ldsc_inputs/for_h2/eur_w_ld_chr/[1-22] ... (ldscore_fromlist)
Read regression weight LD Scores for 1293150 SNPs.
After merging with reference panel LD, 1184175 SNPs remain.
After merging with regression SNP LD, 1184175 SNPs remain.
Computing rg for phenotype 2/2
Reading summary statistics from ./Cannabis_Dependence.step1.sumstats.gz ...
Read summary statistics for 1217311 SNPs.
After merging with summary statistics, 1184175 SNPs remain.
1112949 SNPs with valid alleles.

Heritability of phenotype 1
---------------------------
Total Observed scale h2: 0.0313 (0.0031)
Lambda GC: 1.1144
Mean Chi^2: 1.1291
Intercept: 1.0024 (0.0076)
Ratio: 0.0182 (0.0588)

Heritability of phenotype 2/2
-----------------------------
Total Observed scale h2: 0.0197 (0.0017)
Lambda GC: 1.1301
Mean Chi^2: 1.1407
Intercept: 1. (0.0075)
Ratio < 0 (usually indicates GC correction).

Genetic Covariance
------------------
Total Observed scale gencov: 0.0012 (0.0016)
Mean z1*z2: 0.0061
Intercept: -0.001 (0.0051)

Genetic Correlation
-------------------
Genetic Correlation: 0.0496 (0.0634)
Z-score: 0.7825
P: 0.4339


Summary of Genetic Correlation Results
                             p1                                       p2      rg      se       z       p  h2_obs  h2_obs_se  h2_int  h2_int_se  gcov_int  gcov_int_se
 ./handedness.step1.sumstats.gz  ./Cannabis_Dependence.step1.sumstats.gz  0.0496  0.0634  0.7825  0.4339  0.0197     0.0017     1.0     0.0075    -0.001       0.0051

Analysis finished at Sun Apr 30 23:36:00 2023
Total time elapsed: 15.04s
