*********************************************************************
* LD Score Regression (LDSC)
* Version 1.0.1
* (C) 2014-2019 Brendan Bulik-Sullivan and Hilary Finucane
* Broad Institute of MIT and Harvard / MIT Department of Mathematics
* GNU General Public License v3
*********************************************************************
Call: 
./ldsc.py \
--h2 ./handedness.step1.sumstats.gz \
--ref-ld-chr ./HW5/ldsc_inputs/for_h2/eur_w_ld_chr/ \
--out handedness.step2 \
--w-ld-chr ./HW5/ldsc_inputs/for_h2/eur_w_ld_chr/ 

Beginning analysis at Sun Apr 30 00:52:54 2023
Reading summary statistics from ./handedness.step1.sumstats.gz ...
Read summary statistics for 1195299 SNPs.
Reading reference panel LD Score from ./HW5/ldsc_inputs/for_h2/eur_w_ld_chr/[1-22] ... (ldscore_fromlist)
Read reference panel LD Scores for 1293150 SNPs.
Removing partitioned LD Scores with zero variance.
Reading regression weight LD Score from ./HW5/ldsc_inputs/for_h2/eur_w_ld_chr/[1-22] ... (ldscore_fromlist)
Read regression weight LD Scores for 1293150 SNPs.
After merging with reference panel LD, 1184175 SNPs remain.
After merging with regression SNP LD, 1184175 SNPs remain.
Using two-step estimator with cutoff at 30.
Total Observed scale h2: 0.0302 (0.0028)
Lambda GC: 1.1113
Mean Chi^2: 1.1261
Intercept: 1.0063 (0.0065)
Ratio: 0.0503 (0.0518)
Analysis finished at Sun Apr 30 00:53:04 2023
Total time elapsed: 9.87s
