*********************************************************************
* LD Score Regression (LDSC)
* Version 1.0.1
* (C) 2014-2019 Brendan Bulik-Sullivan and Hilary Finucane
* Broad Institute of MIT and Harvard / MIT Department of Mathematics
* GNU General Public License v3
*********************************************************************
Call: 
./ldsc.py \
--ref-ld-chr ./HW5/ldsc_inputs/for_h2/eur_w_ld_chr/ \
--out ./Insomnia.handedness.step4 \
--rg ./handedness.step1.sumstats.gz,./Insomnia.step1.sumstats.gz \
--w-ld-chr ./HW5/ldsc_inputs/for_h2/eur_w_ld_chr/ 

Beginning analysis at Mon May  1 00:01:57 2023
Reading summary statistics from ./handedness.step1.sumstats.gz ...
Read summary statistics for 1195299 SNPs.
Reading reference panel LD Score from ./HW5/ldsc_inputs/for_h2/eur_w_ld_chr/[1-22] ... (ldscore_fromlist)
Read reference panel LD Scores for 1293150 SNPs.
Removing partitioned LD Scores with zero variance.
Reading regression weight LD Score from ./HW5/ldsc_inputs/for_h2/eur_w_ld_chr/[1-22] ... (ldscore_fromlist)
Read regression weight LD Scores for 1293150 SNPs.
After merging with reference panel LD, 1184175 SNPs remain.
After merging with regression SNP LD, 1184175 SNPs remain.
Computing rg for phenotype 2/2
Reading summary statistics from ./Insomnia.step1.sumstats.gz ...
Read summary statistics for 1217311 SNPs.
After merging with summary statistics, 1184175 SNPs remain.
1138506 SNPs with valid alleles.

Heritability of phenotype 1
---------------------------
Total Observed scale h2: 0.0308 (0.003)
Lambda GC: 1.1144
Mean Chi^2: 1.128
Intercept: 1.0036 (0.0074)
Ratio: 0.028 (0.0575)

Heritability of phenotype 2/2
-----------------------------
Total Observed scale h2: 0.0014 (6.2197e-05)
Lambda GC: 1.3068
Mean Chi^2: 1.3649
Intercept: 1.013 (0.0086)
Ratio: 0.0356 (0.0234)

Genetic Covariance
------------------
Total Observed scale gencov: 0.0005 (0.0003)
Mean z1*z2: 0.0163
Intercept: 0.0025 (0.005)

Genetic Correlation
-------------------
Genetic Correlation: 0.0788 (0.0396)
Z-score: 1.9894
P: 0.0467


Summary of Genetic Correlation Results
                             p1                            p2      rg      se       z       p  h2_obs   h2_obs_se  h2_int  h2_int_se  gcov_int  gcov_int_se
 ./handedness.step1.sumstats.gz  ./Insomnia.step1.sumstats.gz  0.0788  0.0396  1.9894  0.0467  0.0014  6.2197e-05   1.013     0.0086    0.0025        0.005

Analysis finished at Mon May  1 00:02:12 2023
Total time elapsed: 14.9s
