*********************************************************************
* LD Score Regression (LDSC)
* Version 1.0.1
* (C) 2014-2019 Brendan Bulik-Sullivan and Hilary Finucane
* Broad Institute of MIT and Harvard / MIT Department of Mathematics
* GNU General Public License v3
*********************************************************************
Call: 
./ldsc.py \
--ref-ld-chr ./HW5/ldsc_inputs/for_h2/eur_w_ld_chr/ \
--out ./Schizophrenia.handedness.step4 \
--rg ./handedness.step1.sumstats.gz,./Schizophrenia.step1.sumstats.gz \
--w-ld-chr ./HW5/ldsc_inputs/for_h2/eur_w_ld_chr/ 

Beginning analysis at Sun Apr 30 23:29:41 2023
Reading summary statistics from ./handedness.step1.sumstats.gz ...
Read summary statistics for 1195299 SNPs.
Reading reference panel LD Score from ./HW5/ldsc_inputs/for_h2/eur_w_ld_chr/[1-22] ... (ldscore_fromlist)
Read reference panel LD Scores for 1293150 SNPs.
Removing partitioned LD Scores with zero variance.
Reading regression weight LD Score from ./HW5/ldsc_inputs/for_h2/eur_w_ld_chr/[1-22] ... (ldscore_fromlist)
Read regression weight LD Scores for 1293150 SNPs.
After merging with reference panel LD, 1184175 SNPs remain.
After merging with regression SNP LD, 1184175 SNPs remain.
Computing rg for phenotype 2/2
Reading summary statistics from ./Schizophrenia.step1.sumstats.gz ...
Read summary statistics for 1217311 SNPs.
After merging with summary statistics, 1184175 SNPs remain.
1177242 SNPs with valid alleles.

Heritability of phenotype 1
---------------------------
Total Observed scale h2: 0.0303 (0.0028)
Lambda GC: 1.1144
Mean Chi^2: 1.1269
Intercept: 1.0064 (0.0066)
Ratio: 0.0507 (0.052)

Heritability of phenotype 2/2
-----------------------------
Total Observed scale h2: 0.0065 (0.0002)
Lambda GC: 1.7491
Mean Chi^2: 2.0589
Intercept: 1.053 (0.0131)
Ratio: 0.05 (0.0124)

Genetic Covariance
------------------
Total Observed scale gencov: 0.002 (0.0005)
Mean z1*z2: 0.0535
Intercept: -0.0039 (0.0064)

Genetic Correlation
-------------------
Genetic Correlation: 0.1428 (0.0364)
Z-score: 3.9265
P: 8.618e-05


Summary of Genetic Correlation Results
                             p1                                 p2      rg      se       z           p  h2_obs  h2_obs_se  h2_int  h2_int_se  gcov_int  gcov_int_se
 ./handedness.step1.sumstats.gz  ./Schizophrenia.step1.sumstats.gz  0.1428  0.0364  3.9265  8.6180e-05  0.0065     0.0002   1.053     0.0131   -0.0039       0.0064

Analysis finished at Sun Apr 30 23:29:57 2023
Total time elapsed: 15.19s
