The munging of 1 summary statistics started at 2023-05-02 04:48:14
Reading in reference file
Reading summary statistics for Insomnia_edit.txt. Please note that this step usually takes a few minutes due to the size of summary statistic files.
All files loaded into R!



Munging file: Insomnia_edit.txt
Interpreting the SNP column as the SNP column.
Interpreting the A1 column as the A1 column.
Interpreting the A2 column as the A2 column.
Interpreting the OR column as the effect column.
Interpreting the P column as the P column.
Interpreting the SE column as the SE column.
Using provided N (12663596) for file:Insomnia_edit.txt
Merging file:Insomnia_edit.txt with the reference file:w_hm3.snplist
12663596 rows present in the full Insomnia_edit.txt summary statistics file.
11498431 rows were removed from the Insomnia_edit.txt summary statistics file as the rs-ids for these rows were not present in the reference file.
The effect column was determined to be coded as an odds ratio (OR) for the Insomnia_edit.txt summary statistics file. Please ensure this is correct.
920 row(s) were removed from the Insomnia_edit.txt summary statistics file due to the effect allele (A1) column not matching A1 or A2 in the reference file.
172 row(s) were removed from the Insomnia_edit.txt summary statistics file due to the other allele (A2) column not matching A1 or A2 in the reference file.
No INFO column, cannot filter on INFO, which may influence results
No MAF column, cannot filter on MAF, which may influence results
1164073SNPs are left in the summary statistics file Insomnia_edit.txt after QC.
I am done munging file: Insomnia_edit.txt
The file is saved as Insomnia.sumstats.gz in the current working directory.
     
Munging was completed at 2023-05-02 04:52:53
The munging of all files took 4 minutes and 39.565181016922 seconds
Please check the .log file(s) to ensure that all columns were interpreted correctly and no warnings were issued for any of the summary statistics files
