The munging of 1 summary statistics started at 2023-05-02 03:35:09
Reading in reference file
Reading summary statistics for Schizophrenia.txt. Please note that this step usually takes a few minutes due to the size of summary statistic files.
All files loaded into R!



Munging file: Schizophrenia.txt
Interpreting the ID column as the SNP column.
Interpreting the A1 column as the A1 column.
Interpreting the A2 column as the A2 column.
Interpreting the BETA column as the effect column.
Interpreting the IMPINFO column as the INFO column.
Interpreting the PVAL column as the P column.
Interpreting the SE column as the SE column.
Using provided N (7659767) for file:Schizophrenia.txt
Merging file:Schizophrenia.txt with the reference file:w_hm3.snplist
7659767 rows present in the full Schizophrenia.txt summary statistics file.
6477963 rows were removed from the Schizophrenia.txt summary statistics file as the rs-ids for these rows were not present in the reference file.
2 row(s) were removed from the Schizophrenia.txt summary statistics file due to the effect allele (A1) column not matching A1 or A2 in the reference file.
46524 rows were removed from the Schizophrenia.txt summary statistics file due to INFO values below the designated threshold of0.9
No MAF column, cannot filter on MAF, which may influence results
1135278SNPs are left in the summary statistics file Schizophrenia.txt after QC.
I am done munging file: Schizophrenia.txt
The file is saved as Schizophrenia.sumstats.gz in the current working directory.
     
Munging was completed at 2023-05-02 03:37:21
The munging of all files took 2 minutes and 12.335685968399 seconds
Please check the .log file(s) to ensure that all columns were interpreted correctly and no warnings were issued for any of the summary statistics files
